# JRE version: OpenJDK Runtime Environment (17.0.9) (build 17.0.9+0--11185874)
# Java VM: OpenJDK 64-Bit Server VM (17.0.9+0--11185874, mixed mode, tiered, compressed oops, compressed class ptrs, g1 gc, windows-amd64)
GC Precious Log:
 CPUs: 4 total, 4 available
 Memory: 18382M
 Large Page Support: Disabled
 NUMA Support: Disabled
 Compressed Oops: Enabled (Zero based)
 Heap Region Size: 2M
 Heap Min Capacity: 8M
 Heap Initial Capacity: 288M
 Heap Max Capacity: 4G
 Pre-touch: Disabled
 Parallel Workers: 4
 Concurrent Workers: 1
 Concurrent Refinement Workers: 4
 Periodic GC: Disabled
Heap:
 garbage-first heap   total 69632K, used 35805K [0x0000000700000000, 0x0000000800000000)
  region size 2048K, 3 young (6144K), 2 survivors (4096K)
 Metaspace       used 56933K, committed 57344K, reserved 1114112K
  class space    used 7664K, committed 7872K, reserved 1048576K
GC Heap History (20 events):
Event: 8.524 GC heap before
{Heap before GC invocations=6 (full 0):
 garbage-first heap   total 69632K, used 47773K [0x0000000700000000, 0x0000000800000000)
  region size 2048K, 15 young (30720K), 2 survivors (4096K)
 Metaspace       used 31286K, committed 31616K, reserved 1114112K
  class space    used 4209K, committed 4352K, reserved 1048576K
}
Event: 8.530 GC heap after
{Heap after GC invocations=7 (full 0):
 garbage-first heap   total 69632K, used 22666K [0x0000000700000000, 0x0000000800000000)
  region size 2048K, 1 young (2048K), 1 survivors (2048K)
 Metaspace       used 31286K, committed 31616K, reserved 1114112K
  class space    used 4209K, committed 4352K, reserved 1048576K
}
Event: 10.468 GC heap before
{Heap before GC invocations=7 (full 0):
 garbage-first heap   total 69632K, used 45194K [0x0000000700000000, 0x0000000800000000)
  region size 2048K, 13 young (26624K), 1 survivors (2048K)
 Metaspace       used 35679K, committed 35968K, reserved 1114112K
  class space    used 4758K, committed 4864K, reserved 1048576K
}
Event: 10.476 GC heap after
{Heap after GC invocations=8 (full 0):
 garbage-first heap   total 69632K, used 24267K [0x0000000700000000, 0x0000000800000000)
  region size 2048K, 2 young (4096K), 2 survivors (4096K)
 Metaspace       used 35679K, committed 35968K, reserved 1114112K
  class space    used 4758K, committed 4864K, reserved 1048576K
}
Event: 12.715 GC heap before
{Heap before GC invocations=9 (full 0):
 garbage-first heap   total 69632K, used 48843K [0x0000000700000000, 0x0000000800000000)
  region size 2048K, 15 young (30720K), 2 survivors (4096K)
 Metaspace       used 39242K, committed 39616K, reserved 1114112K
  class space    used 5148K, committed 5312K, reserved 1048576K
}
Event: 12.723 GC heap after
{Heap after GC invocations=10 (full 0):
 garbage-first heap   total 69632K, used 27096K [0x0000000700000000, 0x0000000800000000)
  region size 2048K, 2 young (4096K), 2 survivors (4096K)
 Metaspace       used 39242K, committed 39616K, reserved 1114112K
  class space    used 5148K, committed 5312K, reserved 1048576K
}
Event: 15.183 GC heap before
{Heap before GC invocations=10 (full 0):
 garbage-first heap   total 69632K, used 51672K [0x0000000700000000, 0x0000000800000000)
  region size 2048K, 14 young (28672K), 2 survivors (4096K)
 Metaspace       used 42000K, committed 42368K, reserved 1114112K
  class space    used 5458K, committed 5632K, reserved 1048576K
}
Event: 15.195 GC heap after
{Heap after GC invocations=11 (full 0):
 garbage-first heap   total 69632K, used 29226K [0x0000000700000000, 0x0000000800000000)
  region size 2048K, 1 young (2048K), 1 survivors (2048K)
 Metaspace       used 42000K, committed 42368K, reserved 1114112K
  class space    used 5458K, committed 5632K, reserved 1048576K
}
Event: 18.446 GC heap before
{Heap before GC invocations=11 (full 0):
 garbage-first heap   total 69632K, used 51754K [0x0000000700000000, 0x0000000800000000)
  region size 2048K, 12 young (24576K), 1 survivors (2048K)
 Metaspace       used 43454K, committed 43968K, reserved 1114112K
  class space    used 5707K, committed 5952K, reserved 1048576K
}
Event: 18.452 GC heap after
{Heap after GC invocations=12 (full 0):
 garbage-first heap   total 69632K, used 30615K [0x0000000700000000, 0x0000000800000000)
  region size 2048K, 2 young (4096K), 2 survivors (4096K)
 Metaspace       used 43454K, committed 43968K, reserved 1114112K
  class space    used 5707K, committed 5952K, reserved 1048576K
}
Event: 20.600 GC heap before
{Heap before GC invocations=12 (full 0):
 garbage-first heap   total 69632K, used 51095K [0x0000000700000000, 0x0000000800000000)
  region size 2048K, 13 young (26624K), 2 survivors (4096K)
 Metaspace       used 45748K, committed 46208K, reserved 1114112K
  class space    used 5970K, committed 6208K, reserved 1048576K
}
Event: 20.606 GC heap after
{Heap after GC invocations=13 (full 0):
 garbage-first heap   total 69632K, used 31611K [0x0000000700000000, 0x0000000800000000)
  region size 2048K, 2 young (4096K), 2 survivors (4096K)
 Metaspace       used 45748K, committed 46208K, reserved 1114112K
  class space    used 5970K, committed 6208K, reserved 1048576K
}
Event: 22.843 GC heap before
{Heap before GC invocations=13 (full 0):
 garbage-first heap   total 69632K, used 52091K [0x0000000700000000, 0x0000000800000000)
  region size 2048K, 12 young (24576K), 2 survivors (4096K)
 Metaspace       used 48274K, committed 48704K, reserved 1114112K
  class space    used 6388K, committed 6592K, reserved 1048576K
}
Event: 22.849 GC heap after
{Heap after GC invocations=14 (full 0):
 garbage-first heap   total 69632K, used 32806K [0x0000000700000000, 0x0000000800000000)
  region size 2048K, 2 young (4096K), 2 survivors (4096K)
 Metaspace       used 48274K, committed 48704K, reserved 1114112K
  class space    used 6388K, committed 6592K, reserved 1048576K
}
Event: 24.668 GC heap before
{Heap before GC invocations=14 (full 0):
 garbage-first heap   total 69632K, used 53286K [0x0000000700000000, 0x0000000800000000)
  region size 2048K, 12 young (24576K), 2 survivors (4096K)
 Metaspace       used 51588K, committed 52032K, reserved 1114112K
  class space    used 6909K, committed 7104K, reserved 1048576K
}
Event: 24.676 GC heap after
{Heap after GC invocations=15 (full 0):
 garbage-first heap   total 69632K, used 33891K [0x0000000700000000, 0x0000000800000000)
  region size 2048K, 2 young (4096K), 2 survivors (4096K)
 Metaspace       used 51588K, committed 52032K, reserved 1114112K
  class space    used 6909K, committed 7104K, reserved 1048576K
}
Event: 27.387 GC heap before
{Heap before GC invocations=15 (full 0):
 garbage-first heap   total 69632K, used 54371K [0x0000000700000000, 0x0000000800000000)
  region size 2048K, 12 young (24576K), 2 survivors (4096K)
 Metaspace       used 54022K, committed 54464K, reserved 1114112K
  class space    used 7274K, committed 7488K, reserved 1048576K
}
Event: 27.396 GC heap after
{Heap after GC invocations=16 (full 0):
 garbage-first heap   total 69632K, used 34748K [0x0000000700000000, 0x0000000800000000)
  region size 2048K, 2 young (4096K), 2 survivors (4096K)
 Metaspace       used 54022K, committed 54464K, reserved 1114112K
  class space    used 7274K, committed 7488K, reserved 1048576K
}
Event: 29.385 GC heap before
{Heap before GC invocations=16 (full 0):
 garbage-first heap   total 69632K, used 53180K [0x0000000700000000, 0x0000000800000000)
  region size 2048K, 12 young (24576K), 2 survivors (4096K)
 Metaspace       used 56742K, committed 57152K, reserved 1114112K
  class space    used 7635K, committed 7808K, reserved 1048576K
}
Event: 29.392 GC heap after
{Heap after GC invocations=17 (full 0):
 garbage-first heap   total 69632K, used 35805K [0x0000000700000000, 0x0000000800000000)
  region size 2048K, 2 young (4096K), 2 survivors (4096K)
 Metaspace       used 56742K, committed 57152K, reserved 1114112K
  class space    used 7635K, committed 7808K, reserved 1048576K
}

